tol=2.0e-01, sigma=0.0, host= pars, nav=1024, nbrs=2, l_nlarea=1.000, l_dist=1.000
using quadratic fit line minimization
3: 12 | 4: 12 | 5: 12 | 6: 12 | 7: 12 | 
pass 0: epoch 1 of 3 starting distance error %304.34
tol=2.0e-01, sigma=0.0, host= pars, nav=1024, nbrs=3, l_nlarea=1.000, l_dist=0.100
using quadratic fit line minimization
nlarea/dist = 10.000
000: dt: 0.00, sse: 1799918.1 (1.974, 24.2, 7.145), neg: 0 (%0.000:%0.00), avgs: 1024
001: dt: 1704.13, sse: 291975.0 (0.513, 24.2, 2.877), neg: 485 (%2.678:%8.84), avgs: 1024
002: dt: 1269.94, sse: 222538.3 (0.535, 24.2, 2.512), neg: 105 (%0.379:%1.79), avgs: 1024
003: dt: 2565.46, sse: 165938.1 (0.414, 24.2, 2.168), neg: 604 (%6.839:%10.77), avgs: 1024
004: dt: 24.04, sse: 165871.2 (0.412, 24.2, 2.167), neg: 585 (%6.346:%10.45), avgs: 1024
005: dt: 114.12, sse: 141418.8 (0.359, 24.2, 2.002), neg: 303 (%2.120:%5.32), avgs: 256
006: dt: 686.17, sse: 78180.3 (0.265, 24.2, 1.488), neg: 242 (%1.758:%4.44), avgs: 256
007: dt: 223.17, sse: 71511.3 (0.257, 24.2, 1.423), neg: 73 (%0.517:%1.30), avgs: 256
008: dt: 1114.27, sse: 60002.8 (0.255, 24.2, 1.304), neg: 55 (%0.441:%0.97), avgs: 256
009: dt: 375.72, sse: 56403.6 (0.249, 24.2, 1.264), neg: 39 (%0.255:%0.73), avgs: 256
010: dt: 1330.21, sse: 52036.5 (0.243, 24.2, 1.214), neg: 36 (%0.303:%0.65), avgs: 256
011: dt: 383.14, sse: 50322.4 (0.243, 24.2, 1.194), neg: 31 (%0.189:%0.59), avgs: 256
012: dt: 1701.94, sse: 48095.2 (0.238, 24.2, 1.167), neg: 26 (%0.228:%0.48), avgs: 256
013: dt: 340.58, sse: 46940.2 (0.239, 24.2, 1.153), neg: 24 (%0.158:%0.45), avgs: 256
014: dt: 4878.31, sse: 43871.9 (0.233, 24.2, 1.115), neg: 23 (%0.172:%0.41), avgs: 256
015: dt: 368.92, sse: 42602.4 (0.234, 24.2, 1.099), neg: 19 (%0.119:%0.37), avgs: 256
016: dt: 1551.52, sse: 42139.0 (0.231, 24.2, 1.093), neg: 18 (%0.122:%0.33), avgs: 256
017: dt: 500.81, sse: 41783.7 (0.232, 24.2, 1.088), neg: 18 (%0.108:%0.34), avgs: 256
018: dt: 1446.79, sse: 41238.6 (0.229, 24.2, 1.081), neg: 19 (%0.129:%0.34), avgs: 256
019: dt: 288.80, sse: 41028.2 (0.230, 24.2, 1.078), neg: 17 (%0.110:%0.31), avgs: 256
020: dt: 2291.16, sse: 40705.9 (0.232, 24.2, 1.074), neg: 17 (%0.087:%0.32), avgs: 256
021: dt: 566.94, sse: 40148.3 (0.228, 24.2, 1.066), neg: 18 (%0.112:%0.33), avgs: 256
022: dt: 309.29, sse: 40068.2 (0.229, 24.2, 1.065), neg: 17 (%0.100:%0.31), avgs: 256
023: dt: 14493.00, sse: 38268.3 (0.232, 24.2, 1.041), neg: 11 (%0.059:%0.20), avgs: 256
024: dt: 401.10, sse: 36848.1 (0.224, 24.2, 1.022), neg: 15 (%0.081:%0.27), avgs: 256
025: dt: 280.98, sse: 36827.5 (0.225, 24.2, 1.021), neg: 15 (%0.078:%0.27), avgs: 256
026: dt: 297.75, sse: 18936.5 (0.185, 24.2, 0.732), neg: 14 (%0.054:%0.24), avgs: 64
027: dt: 134.14, sse: 17347.0 (0.186, 24.2, 0.701), neg: 8 (%0.038:%0.13), avgs: 64
028: dt: 276.50, sse: 15558.4 (0.175, 24.2, 0.663), neg: 6 (%0.030:%0.10), avgs: 64
029: dt: 99.43, sse: 14766.8 (0.176, 24.2, 0.646), neg: 6 (%0.027:%0.10), avgs: 64
030: dt: 569.73, sse: 13592.0 (0.175, 24.2, 0.620), neg: 5 (%0.019:%0.09), avgs: 64
031: dt: 96.99, sse: 12776.5 (0.171, 24.2, 0.601), neg: 4 (%0.016:%0.07), avgs: 64
032: dt: 233.96, sse: 12573.9 (0.172, 24.2, 0.596), neg: 3 (%0.009:%0.05), avgs: 64
033: dt: 163.40, sse: 12197.8 (0.169, 24.2, 0.587), neg: 5 (%0.022:%0.09), avgs: 64
034: dt: 81.53, sse: 12104.6 (0.170, 24.2, 0.585), neg: 4 (%0.010:%0.07), avgs: 64
035: dt: 1100.83, sse: 11192.0 (0.164, 24.2, 0.562), neg: 5 (%0.044:%0.10), avgs: 64
036: dt: 55.55, sse: 10850.5 (0.166, 24.2, 0.554), neg: 2 (%0.013:%0.03), avgs: 64
037: dt: 53.33, sse: 10836.2 (0.166, 24.2, 0.553), neg: 2 (%0.009:%0.03), avgs: 64
038: dt: 634.34, sse: 10679.4 (0.169, 24.2, 0.549), neg: 1 (%0.003:%0.01), avgs: 64
039: dt: 138.06, sse: 10367.2 (0.164, 24.2, 0.541), neg: 2 (%0.013:%0.03), avgs: 64
040: dt: 35.76, sse: 10349.9 (0.164, 24.2, 0.541), neg: 2 (%0.010:%0.03), avgs: 64
041: dt: 46.00, sse: 10343.4 (0.165, 24.2, 0.541), neg: 2 (%0.007:%0.03), avgs: 64
042: dt: 343.39, sse: 10290.2 (0.166, 24.2, 0.539), neg: 1 (%0.003:%0.01), avgs: 64
043: dt: 199.33, sse: 10086.6 (0.162, 24.2, 0.534), neg: 2 (%0.014:%0.03), avgs: 64
044: dt: 41.44, sse: 10064.4 (0.163, 24.2, 0.533), neg: 2 (%0.009:%0.03), avgs: 64
045: dt: 34.93, sse: 10061.3 (0.164, 24.2, 0.533), neg: 2 (%0.008:%0.03), avgs: 64
046: dt: 117.55, sse: 5211.1 (0.129, 24.2, 0.383), neg: 0 (%0.000:%0.00), avgs: 16
047: dt: 64.47, sse: 4540.8 (0.125, 24.2, 0.357), neg: 0 (%0.000:%0.00), avgs: 16
048: dt: 98.22, sse: 4222.6 (0.121, 24.2, 0.345), neg: 0 (%0.000:%0.00), avgs: 16
049: dt: 53.27, sse: 4006.4 (0.120, 24.2, 0.335), neg: 0 (%0.000:%0.00), avgs: 16
050: dt: 82.40, sse: 3878.5 (0.118, 24.2, 0.330), neg: 0 (%0.000:%0.00), avgs: 16
051: dt: 55.13, sse: 3754.1 (0.117, 24.2, 0.325), neg: 0 (%0.000:%0.00), avgs: 16
052: dt: 77.66, sse: 3666.7 (0.115, 24.2, 0.321), neg: 0 (%0.000:%0.00), avgs: 16
053: dt: 56.98, sse: 3588.9 (0.115, 24.2, 0.317), neg: 0 (%0.000:%0.00), avgs: 16
054: dt: 82.33, sse: 3516.7 (0.113, 24.2, 0.314), neg: 0 (%0.000:%0.00), avgs: 16
055: dt: 46.97, sse: 3464.1 (0.113, 24.2, 0.312), neg: 0 (%0.000:%0.00), avgs: 16
056: dt: 129.74, sse: 3381.5 (0.111, 24.2, 0.308), neg: 0 (%0.000:%0.00), avgs: 16
057: dt: 32.40, sse: 3338.4 (0.111, 24.2, 0.306), neg: 0 (%0.000:%0.00), avgs: 16
058: dt: 778.21, sse: 3055.7 (0.104, 24.2, 0.293), neg: 0 (%0.000:%0.00), avgs: 16
059: dt: 24.81, sse: 2942.7 (0.104, 24.2, 0.287), neg: 0 (%0.000:%0.00), avgs: 16
060: dt: 6.48, sse: 2941.6 (0.104, 24.2, 0.287), neg: 0 (%0.000:%0.00), avgs: 16
061: dt: 7.35, sse: 2940.7 (0.104, 24.2, 0.287), neg: 0 (%0.000:%0.00), avgs: 16
062: dt: 8.33, sse: 2939.9 (0.104, 24.2, 0.287), neg: 0 (%0.000:%0.00), avgs: 16
063: dt: 44.62, sse: 2937.3 (0.104, 24.2, 0.287), neg: 0 (%0.000:%0.00), avgs: 16
064: dt: 622.47, sse: 2858.1 (0.101, 24.2, 0.283), neg: 0 (%0.000:%0.00), avgs: 16
065: dt: 23.86, sse: 2824.3 (0.102, 24.2, 0.281), neg: 0 (%0.000:%0.00), avgs: 16
066: dt: 15.64, sse: 2822.8 (0.102, 24.2, 0.281), neg: 0 (%0.000:%0.00), avgs: 16
067: dt: 63.01, sse: 2819.3 (0.102, 24.2, 0.281), neg: 0 (%0.000:%0.00), avgs: 16
068: dt: 197.37, sse: 2787.0 (0.101, 24.2, 0.279), neg: 0 (%0.000:%0.00), avgs: 16
069: dt: 19.88, sse: 2779.0 (0.101, 24.2, 0.279), neg: 0 (%0.000:%0.00), avgs: 16
070: dt: 16.00, sse: 2778.3 (0.101, 24.2, 0.279), neg: 0 (%0.000:%0.00), avgs: 16
071: dt: 105.65, sse: 1994.7 (0.073, 24.2, 0.236), neg: 0 (%0.000:%0.00), avgs: 4
072: dt: 38.21, sse: 1869.6 (0.070, 24.2, 0.228), neg: 0 (%0.000:%0.00), avgs: 4
073: dt: 29.18, sse: 1845.7 (0.070, 24.2, 0.226), neg: 0 (%0.000:%0.00), avgs: 4
074: dt: 70.73, sse: 1797.0 (0.067, 24.2, 0.223), neg: 0 (%0.000:%0.00), avgs: 4
075: dt: 17.76, sse: 1774.5 (0.067, 24.2, 0.222), neg: 0 (%0.000:%0.00), avgs: 4
076: dt: 437.15, sse: 1644.0 (0.058, 24.2, 0.213), neg: 0 (%0.000:%0.00), avgs: 4
077: dt: 18.16, sse: 1597.1 (0.058, 24.2, 0.210), neg: 0 (%0.000:%0.00), avgs: 4
078: dt: 54.07, sse: 1590.8 (0.058, 24.2, 0.210), neg: 0 (%0.000:%0.00), avgs: 4
079: dt: 6.27, sse: 1589.8 (0.058, 24.2, 0.210), neg: 0 (%0.000:%0.00), avgs: 4
080: dt: 32.24, sse: 1587.7 (0.057, 24.2, 0.210), neg: 0 (%0.000:%0.00), avgs: 4
081: dt: 103.08, sse: 1579.0 (0.057, 24.2, 0.209), neg: 0 (%0.000:%0.00), avgs: 4
082: dt: 4.75, sse: 1577.0 (0.057, 24.2, 0.209), neg: 0 (%0.000:%0.00), avgs: 4
083: dt: 13.57, sse: 1574.7 (0.057, 24.2, 0.209), neg: 0 (%0.000:%0.00), avgs: 4
084: dt: 67.73, sse: 1571.7 (0.057, 24.2, 0.209), neg: 0 (%0.000:%0.00), avgs: 4
085: dt: 41.82, sse: 1564.8 (0.056, 24.2, 0.208), neg: 0 (%0.000:%0.00), avgs: 4
086: dt: 7.07, sse: 1563.6 (0.056, 24.2, 0.208), neg: 0 (%0.000:%0.00), avgs: 4
087: dt: 27.56, sse: 1562.2 (0.056, 24.2, 0.208), neg: 0 (%0.000:%0.00), avgs: 4
088: dt: 130.70, sse: 1553.0 (0.056, 24.2, 0.207), neg: 0 (%0.000:%0.00), avgs: 4
089: dt: 17.68, sse: 1548.0 (0.055, 24.2, 0.207), neg: 0 (%0.000:%0.00), avgs: 4
090: dt: 704.84, sse: 1516.2 (0.053, 24.2, 0.205), neg: 0 (%0.000:%0.00), avgs: 4
091: dt: 20.00, sse: 1491.1 (0.052, 24.2, 0.203), neg: 0 (%0.000:%0.00), avgs: 4
092: dt: 102.78, sse: 1484.9 (0.052, 24.2, 0.203), neg: 0 (%0.000:%0.00), avgs: 4
093: dt: 13.04, sse: 1482.5 (0.052, 24.2, 0.202), neg: 0 (%0.000:%0.00), avgs: 4
094: dt: 11.83, sse: 1482.0 (0.052, 24.2, 0.202), neg: 0 (%0.000:%0.00), avgs: 4
095: dt: 163.51, sse: 1478.3 (0.052, 24.2, 0.202), neg: 0 (%0.000:%0.00), avgs: 4
096: dt: 31.20, sse: 1471.2 (0.051, 24.2, 0.202), neg: 0 (%0.000:%0.00), avgs: 4
097: dt: 14.93, sse: 1470.4 (0.051, 24.2, 0.202), neg: 0 (%0.000:%0.00), avgs: 4
098: dt: 200.18, sse: 1466.2 (0.051, 24.2, 0.201), neg: 0 (%0.000:%0.00), avgs: 4
099: dt: 28.42, sse: 1458.8 (0.051, 24.2, 0.201), neg: 0 (%0.000:%0.00), avgs: 4
100: dt: 16.00, sse: 1458.2 (0.051, 24.2, 0.201), neg: 0 (%0.000:%0.00), avgs: 4
101: dt: 588.11, sse: 1447.3 (0.050, 24.2, 0.200), neg: 0 (%0.000:%0.00), avgs: 4
102: dt: 23.77, sse: 1430.4 (0.049, 24.2, 0.199), neg: 0 (%0.000:%0.00), avgs: 4
103: dt: 12.18, sse: 1429.9 (0.049, 24.2, 0.199), neg: 0 (%0.000:%0.00), avgs: 4
104: dt: 81.40, sse: 1428.5 (0.049, 24.2, 0.199), neg: 0 (%0.000:%0.00), avgs: 4
105: dt: 43.73, sse: 1425.5 (0.049, 24.2, 0.198), neg: 0 (%0.000:%0.00), avgs: 4
106: dt: 9.34, sse: 1424.6 (0.049, 24.2, 0.198), neg: 0 (%0.000:%0.00), avgs: 4
107: dt: 16.00, sse: 1424.1 (0.049, 24.2, 0.198), neg: 0 (%0.000:%0.00), avgs: 4
108: dt: 1221.35, sse: 1402.6 (0.047, 24.2, 0.197), neg: 0 (%0.000:%0.00), avgs: 4
109: dt: 20.86, sse: 1379.6 (0.047, 24.2, 0.195), neg: 0 (%0.000:%0.00), avgs: 4
110: dt: 15.82, sse: 1379.1 (0.047, 24.2, 0.195), neg: 0 (%0.000:%0.00), avgs: 4
111: dt: 37.59, sse: 1364.7 (0.046, 24.2, 0.194), neg: 0 (%0.000:%0.00), avgs: 1
112: dt: 0.00, sse: 1364.7 (0.046, 24.2, 0.194), neg: 0 (%0.000:%0.00), avgs: 1
113: dt: 9.12, sse: 1257.3 (0.029, 24.2, 0.186), neg: 0 (%0.000:%0.00), avgs: 0
114: dt: 7.75, sse: 1219.5 (0.022, 24.2, 0.183), neg: 0 (%0.000:%0.00), avgs: 0
115: dt: 7.17, sse: 1204.7 (0.020, 24.2, 0.182), neg: 0 (%0.000:%0.00), avgs: 0
116: dt: 5.83, sse: 1198.8 (0.019, 24.2, 0.181), neg: 0 (%0.000:%0.00), avgs: 0
117: dt: 3.45, sse: 1196.4 (0.018, 24.2, 0.181), neg: 0 (%0.000:%0.00), avgs: 0
118: dt: 25.20, sse: 1194.4 (0.020, 24.2, 0.181), neg: 0 (%0.000:%0.00), avgs: 0
119: dt: 1.81, sse: 1190.9 (0.018, 24.2, 0.181), neg: 0 (%0.000:%0.00), avgs: 0
120: dt: 5.82, sse: 1190.2 (0.018, 24.2, 0.181), neg: 0 (%0.000:%0.00), avgs: 0
121: dt: 5.01, sse: 1189.7 (0.018, 24.2, 0.181), neg: 0 (%0.000:%0.00), avgs: 0
122: dt: 5.12, sse: 1189.3 (0.018, 24.2, 0.181), neg: 0 (%0.000:%0.00), avgs: 0
123: dt: 3.97, sse: 1189.0 (0.018, 24.2, 0.181), neg: 0 (%0.000:%0.00), avgs: 0
124: dt: 7.06, sse: 1188.6 (0.018, 24.2, 0.181), neg: 0 (%0.000:%0.00), avgs: 0
125: dt: 2.86, sse: 1188.3 (0.018, 24.2, 0.181), neg: 0 (%0.000:%0.00), avgs: 0
126: dt: 8.45, sse: 1187.8 (0.018, 24.2, 0.181), neg: 0 (%0.000:%0.00), avgs: 0
127: dt: 4.86, sse: 1187.6 (0.018, 24.2, 0.181), neg: 0 (%0.000:%0.00), avgs: 0
128: dt: 4.36, sse: 1187.3 (0.018, 24.2, 0.181), neg: 0 (%0.000:%0.00), avgs: 0
129: dt: 3.64, sse: 1187.1 (0.018, 24.2, 0.181), neg: 0 (%0.000:%0.00), avgs: 0
130: dt: 8.41, sse: 1186.7 (0.018, 24.2, 0.180), neg: 0 (%0.000:%0.00), avgs: 0
131: dt: 2.80, sse: 1186.4 (0.018, 24.2, 0.180), neg: 0 (%0.000:%0.00), avgs: 0
132: dt: 10.40, sse: 1185.9 (0.018, 24.2, 0.180), neg: 0 (%0.000:%0.00), avgs: 0
133: dt: 3.32, sse: 1185.7 (0.018, 24.2, 0.180), neg: 0 (%0.000:%0.00), avgs: 0
134: dt: 8.86, sse: 1185.4 (0.018, 24.2, 0.180), neg: 0 (%0.000:%0.00), avgs: 0
135: dt: 3.15, sse: 1185.1 (0.018, 24.2, 0.180), neg: 0 (%0.000:%0.00), avgs: 0
136: dt: 8.91, sse: 1184.8 (0.018, 24.2, 0.180), neg: 0 (%0.000:%0.00), avgs: 0
137: dt: 2.71, sse: 1184.6 (0.018, 24.2, 0.180), neg: 0 (%0.000:%0.00), avgs: 0
138: dt: 9.78, sse: 1184.2 (0.018, 24.2, 0.180), neg: 0 (%0.000:%0.00), avgs: 0
139: dt: 4.44, sse: 1184.0 (0.018, 24.2, 0.180), neg: 0 (%0.000:%0.00), avgs: 0
140: dt: 5.57, sse: 1183.7 (0.018, 24.2, 0.180), neg: 0 (%0.000:%0.00), avgs: 0
141: dt: 3.10, sse: 1183.6 (0.018, 24.2, 0.180), neg: 0 (%0.000:%0.00), avgs: 0
142: dt: 10.77, sse: 1183.2 (0.018, 24.2, 0.180), neg: 0 (%0.000:%0.00), avgs: 0
143: dt: 2.86, sse: 1183.0 (0.018, 24.2, 0.180), neg: 0 (%0.000:%0.00), avgs: 0
144: dt: 9.83, sse: 1182.6 (0.018, 24.2, 0.180), neg: 0 (%0.000:%0.00), avgs: 0
145: dt: 2.58, sse: 1182.4 (0.018, 24.2, 0.180), neg: 0 (%0.000:%0.00), avgs: 0
146: dt: 71.27, sse: 1180.9 (0.019, 24.2, 0.180), neg: 0 (%0.000:%0.00), avgs: 0
147: dt: 1.89, sse: 1179.5 (0.018, 24.2, 0.180), neg: 0 (%0.000:%0.00), avgs: 0
148: dt: 29.71, sse: 1179.1 (0.019, 24.2, 0.180), neg: 0 (%0.000:%0.00), avgs: 0
149: dt: 2.57, sse: 1178.3 (0.018, 24.2, 0.180), neg: 0 (%0.000:%0.00), avgs: 0
150: dt: 9.80, sse: 1178.1 (0.018, 24.2, 0.180), neg: 0 (%0.000:%0.00), avgs: 0
151: dt: 3.62, sse: 1177.8 (0.018, 24.2, 0.180), neg: 0 (%0.000:%0.00), avgs: 0
152: dt: 4.65, sse: 1177.7 (0.018, 24.2, 0.180), neg: 0 (%0.000:%0.00), avgs: 0
pass 0: epoch 2 of 3 starting distance error %111.65
tol=2.0e-01, sigma=0.0, host= pars, nav=1024, nbrs=3, l_nlarea=1.000, l_dist=1.000
using quadratic fit line minimization
nlarea/dist = 1.000
153: dt: 400.98, sse: 11190.3 (0.020, 24.2, 0.178), neg: 0 (%0.000:%0.00), avgs: 1024
154: dt: 131.30, sse: 11158.3 (0.019, 24.2, 0.178), neg: 0 (%0.000:%0.00), avgs: 1024
155: dt: 348.56, sse: 11140.9 (0.019, 24.2, 0.177), neg: 0 (%0.000:%0.00), avgs: 1024
156: dt: 137.89, sse: 10996.9 (0.019, 24.2, 0.176), neg: 0 (%0.000:%0.00), avgs: 256
157: dt: 65.41, sse: 10928.8 (0.019, 24.2, 0.176), neg: 0 (%0.000:%0.00), avgs: 256
158: dt: 73.32, sse: 10880.5 (0.019, 24.2, 0.175), neg: 0 (%0.000:%0.00), avgs: 256
159: dt: 51.74, sse: 10845.7 (0.019, 24.2, 0.175), neg: 0 (%0.000:%0.00), avgs: 256
160: dt: 154.30, sse: 10792.6 (0.019, 24.2, 0.175), neg: 0 (%0.000:%0.00), avgs: 256
161: dt: 38.24, sse: 10754.1 (0.019, 24.2, 0.174), neg: 0 (%0.000:%0.00), avgs: 256
162: dt: 658.87, sse: 10628.5 (0.019, 24.2, 0.173), neg: 0 (%0.000:%0.00), avgs: 256
163: dt: 35.62, sse: 10568.5 (0.019, 24.2, 0.173), neg: 0 (%0.000:%0.00), avgs: 256
164: dt: 841.70, sse: 10521.9 (0.019, 24.2, 0.172), neg: 0 (%0.000:%0.00), avgs: 256
165: dt: 49.35, sse: 10510.6 (0.019, 24.2, 0.172), neg: 0 (%0.000:%0.00), avgs: 256
166: dt: 99.56, sse: 10504.3 (0.019, 24.2, 0.172), neg: 0 (%0.000:%0.00), avgs: 256
167: dt: 38.64, sse: 10386.0 (0.019, 24.2, 0.171), neg: 0 (%0.000:%0.00), avgs: 64
168: dt: 26.34, sse: 10324.6 (0.019, 24.2, 0.171), neg: 0 (%0.000:%0.00), avgs: 64
169: dt: 30.62, sse: 10278.1 (0.019, 24.2, 0.170), neg: 0 (%0.000:%0.00), avgs: 64
170: dt: 19.41, sse: 10247.6 (0.019, 24.2, 0.170), neg: 0 (%0.000:%0.00), avgs: 64
171: dt: 26.85, sse: 10220.7 (0.019, 24.2, 0.170), neg: 0 (%0.000:%0.00), avgs: 64
172: dt: 17.06, sse: 10198.5 (0.019, 24.2, 0.170), neg: 0 (%0.000:%0.00), avgs: 64
173: dt: 18.77, sse: 10182.7 (0.019, 24.2, 0.170), neg: 0 (%0.000:%0.00), avgs: 64
174: dt: 18.52, sse: 10165.5 (0.019, 24.2, 0.169), neg: 0 (%0.000:%0.00), avgs: 64
175: dt: 15.77, sse: 10152.8 (0.019, 24.2, 0.169), neg: 0 (%0.000:%0.00), avgs: 64
176: dt: 22.07, sse: 10137.6 (0.019, 24.2, 0.169), neg: 0 (%0.000:%0.00), avgs: 64
177: dt: 13.85, sse: 10126.2 (0.019, 24.2, 0.169), neg: 0 (%0.000:%0.00), avgs: 64
178: dt: 26.78, sse: 10111.9 (0.019, 24.2, 0.169), neg: 0 (%0.000:%0.00), avgs: 64
179: dt: 12.90, sse: 10101.3 (0.019, 24.2, 0.169), neg: 0 (%0.000:%0.00), avgs: 64
180: dt: 34.55, sse: 10087.8 (0.019, 24.2, 0.169), neg: 0 (%0.000:%0.00), avgs: 64
181: dt: 11.51, sse: 10076.3 (0.019, 24.2, 0.169), neg: 0 (%0.000:%0.00), avgs: 64
182: dt: 36.78, sse: 10062.8 (0.019, 24.2, 0.169), neg: 0 (%0.000:%0.00), avgs: 64
183: dt: 11.63, sse: 10053.8 (0.019, 24.2, 0.169), neg: 0 (%0.000:%0.00), avgs: 64
184: dt: 56.00, sse: 10041.4 (0.019, 24.2, 0.168), neg: 0 (%0.000:%0.00), avgs: 64
185: dt: 9.88, sse: 10027.1 (0.019, 24.2, 0.168), neg: 0 (%0.000:%0.00), avgs: 64
186: dt: 41.92, sse: 10013.5 (0.019, 24.2, 0.168), neg: 0 (%0.000:%0.00), avgs: 64
187: dt: 16.33, sse: 10008.5 (0.019, 24.2, 0.168), neg: 0 (%0.000:%0.00), avgs: 64
188: dt: 17.58, sse: 9888.3 (0.019, 24.2, 0.167), neg: 0 (%0.000:%0.00), avgs: 16
189: dt: 5.86, sse: 9869.1 (0.019, 24.2, 0.167), neg: 0 (%0.000:%0.00), avgs: 16
190: dt: 11.79, sse: 9853.2 (0.019, 24.2, 0.167), neg: 0 (%0.000:%0.00), avgs: 16
191: dt: 4.54, sse: 9845.1 (0.019, 24.2, 0.167), neg: 0 (%0.000:%0.00), avgs: 16
192: dt: 33.19, sse: 9822.8 (0.019, 24.2, 0.167), neg: 0 (%0.000:%0.00), avgs: 16
193: dt: 3.56, sse: 9808.8 (0.019, 24.2, 0.166), neg: 0 (%0.000:%0.00), avgs: 16
194: dt: 80.00, sse: 9780.0 (0.019, 24.2, 0.166), neg: 0 (%0.000:%0.00), avgs: 16
195: dt: 3.80, sse: 9756.8 (0.019, 24.2, 0.166), neg: 0 (%0.000:%0.00), avgs: 16
196: dt: 33.62, sse: 9745.3 (0.019, 24.2, 0.166), neg: 0 (%0.000:%0.00), avgs: 16
197: dt: 6.33, sse: 9736.9 (0.019, 24.2, 0.166), neg: 0 (%0.000:%0.00), avgs: 16
198: dt: 3.20, sse: 9734.8 (0.019, 24.2, 0.166), neg: 0 (%0.000:%0.00), avgs: 16
199: dt: 12.09, sse: 9691.1 (0.019, 24.2, 0.165), neg: 0 (%0.000:%0.00), avgs: 4
200: dt: 3.44, sse: 9683.1 (0.019, 24.2, 0.165), neg: 0 (%0.000:%0.00), avgs: 4
201: dt: 11.46, sse: 9673.9 (0.019, 24.2, 0.165), neg: 0 (%0.000:%0.00), avgs: 4
202: dt: 2.38, sse: 9667.5 (0.019, 24.2, 0.165), neg: 0 (%0.000:%0.00), avgs: 4
203: dt: 30.06, sse: 9653.7 (0.019, 24.2, 0.165), neg: 0 (%0.000:%0.00), avgs: 4
204: dt: 2.07, sse: 9641.5 (0.019, 24.2, 0.165), neg: 0 (%0.000:%0.00), avgs: 4
205: dt: 17.80, sse: 9633.0 (0.019, 24.2, 0.165), neg: 0 (%0.000:%0.00), avgs: 4
206: dt: 1.80, sse: 9628.3 (0.019, 24.2, 0.165), neg: 0 (%0.000:%0.00), avgs: 4
207: dt: 12.51, sse: 9621.9 (0.019, 24.2, 0.165), neg: 0 (%0.000:%0.00), avgs: 4
208: dt: 4.12, sse: 9616.9 (0.019, 24.2, 0.165), neg: 0 (%0.000:%0.00), avgs: 4
209: dt: 2.50, sse: 9614.6 (0.019, 24.2, 0.165), neg: 0 (%0.000:%0.00), avgs: 4
210: dt: 36.76, sse: 9602.0 (0.019, 24.2, 0.165), neg: 0 (%0.000:%0.00), avgs: 4
211: dt: 2.37, sse: 9590.8 (0.019, 24.2, 0.165), neg: 0 (%0.000:%0.00), avgs: 4
212: dt: 2.84, sse: 9588.7 (0.019, 24.2, 0.165), neg: 0 (%0.000:%0.00), avgs: 4
213: dt: 15.82, sse: 9583.4 (0.019, 24.2, 0.165), neg: 0 (%0.000:%0.00), avgs: 4
214: dt: 2.13, sse: 9578.3 (0.019, 24.2, 0.164), neg: 0 (%0.000:%0.00), avgs: 4
215: dt: 30.62, sse: 9569.1 (0.019, 24.2, 0.164), neg: 0 (%0.000:%0.00), avgs: 4
216: dt: 2.46, sse: 9560.9 (0.019, 24.2, 0.164), neg: 0 (%0.000:%0.00), avgs: 4
217: dt: 2.80, sse: 9558.5 (0.019, 24.2, 0.164), neg: 0 (%0.000:%0.00), avgs: 4
218: dt: 13.06, sse: 9554.3 (0.019, 24.2, 0.164), neg: 0 (%0.000:%0.00), avgs: 4
219: dt: 2.35, sse: 9550.3 (0.019, 24.2, 0.164), neg: 0 (%0.000:%0.00), avgs: 4
220: dt: 5.50, sse: 9547.7 (0.019, 24.2, 0.164), neg: 0 (%0.000:%0.00), avgs: 4
221: dt: 4.25, sse: 9545.5 (0.019, 24.2, 0.164), neg: 0 (%0.000:%0.00), avgs: 4
222: dt: 3.20, sse: 9543.7 (0.019, 24.2, 0.164), neg: 0 (%0.000:%0.00), avgs: 4
223: dt: 3.07, sse: 9542.0 (0.019, 24.2, 0.164), neg: 0 (%0.000:%0.00), avgs: 4
224: dt: 20.28, sse: 9537.1 (0.019, 24.2, 0.164), neg: 0 (%0.000:%0.00), avgs: 4
225: dt: 2.08, sse: 9530.8 (0.019, 24.2, 0.164), neg: 0 (%0.000:%0.00), avgs: 4
226: dt: 51.43, sse: 9518.1 (0.019, 24.2, 0.164), neg: 0 (%0.000:%0.00), avgs: 4
227: dt: 1.80, sse: 9505.2 (0.019, 24.2, 0.164), neg: 0 (%0.000:%0.00), avgs: 4
228: dt: 13.55, sse: 9501.5 (0.019, 24.2, 0.164), neg: 0 (%0.000:%0.00), avgs: 4
229: dt: 2.14, sse: 9498.1 (0.019, 24.2, 0.164), neg: 0 (%0.000:%0.00), avgs: 4
230: dt: 33.88, sse: 9488.8 (0.019, 24.2, 0.164), neg: 0 (%0.000:%0.00), avgs: 4
231: dt: 2.02, sse: 9482.2 (0.019, 24.2, 0.164), neg: 0 (%0.000:%0.00), avgs: 4
232: dt: 134.45, sse: 9452.6 (0.019, 24.2, 0.163), neg: 0 (%0.000:%0.00), avgs: 4
233: dt: 2.03, sse: 9426.9 (0.019, 24.2, 0.163), neg: 0 (%0.000:%0.00), avgs: 4
234: dt: 3.18, sse: 9425.3 (0.019, 24.2, 0.163), neg: 0 (%0.000:%0.00), avgs: 4
235: dt: 33.16, sse: 9418.3 (0.019, 24.2, 0.163), neg: 0 (%0.000:%0.00), avgs: 4
236: dt: 2.12, sse: 9413.4 (0.019, 24.2, 0.163), neg: 0 (%0.000:%0.00), avgs: 4
237: dt: 3.07, sse: 9411.9 (0.019, 24.2, 0.163), neg: 0 (%0.000:%0.00), avgs: 4
238: dt: 27.05, sse: 9405.9 (0.019, 24.2, 0.163), neg: 0 (%0.000:%0.00), avgs: 4
239: dt: 1.92, sse: 9401.5 (0.019, 24.2, 0.163), neg: 0 (%0.000:%0.00), avgs: 1
240: dt: 2.37, sse: 9400.8 (0.019, 24.2, 0.163), neg: 0 (%0.000:%0.00), avgs: 1
241: dt: 1.74, sse: 9384.1 (0.019, 24.2, 0.163), neg: 0 (%0.000:%0.00), avgs: 0
242: dt: 2.78, sse: 9382.1 (0.019, 24.2, 0.163), neg: 0 (%0.000:%0.00), avgs: 0
243: dt: 2.13, sse: 9380.8 (0.019, 24.2, 0.163), neg: 0 (%0.000:%0.00), avgs: 0
244: dt: 2.52, sse: 9379.6 (0.019, 24.2, 0.163), neg: 0 (%0.000:%0.00), avgs: 0
245: dt: 2.56, sse: 9378.5 (0.019, 24.2, 0.163), neg: 0 (%0.000:%0.00), avgs: 0
246: dt: 2.55, sse: 9377.5 (0.019, 24.2, 0.163), neg: 0 (%0.000:%0.00), avgs: 0
247: dt: 2.51, sse: 9376.5 (0.019, 24.2, 0.163), neg: 0 (%0.000:%0.00), avgs: 0
248: dt: 1.65, sse: 9375.5 (0.019, 24.2, 0.163), neg: 0 (%0.000:%0.00), avgs: 0
249: dt: 2.82, sse: 9374.3 (0.019, 24.2, 0.163), neg: 0 (%0.000:%0.00), avgs: 0
250: dt: 2.74, sse: 9373.4 (0.019, 24.2, 0.163), neg: 0 (%0.000:%0.00), avgs: 0
251: dt: 2.62, sse: 9372.3 (0.019, 24.2, 0.163), neg: 0 (%0.000:%0.00), avgs: 0
252: dt: 1.68, sse: 9371.4 (0.019, 24.2, 0.163), neg: 0 (%0.000:%0.00), avgs: 0
253: dt: 2.83, sse: 9370.3 (0.019, 24.2, 0.163), neg: 0 (%0.000:%0.00), avgs: 0
254: dt: 2.72, sse: 9369.3 (0.019, 24.2, 0.163), neg: 0 (%0.000:%0.00), avgs: 0
255: dt: 2.15, sse: 9368.4 (0.019, 24.2, 0.163), neg: 0 (%0.000:%0.00), avgs: 0
256: dt: 2.67, sse: 9367.5 (0.019, 24.2, 0.163), neg: 0 (%0.000:%0.00), avgs: 0
257: dt: 1.70, sse: 9366.5 (0.019, 24.2, 0.163), neg: 0 (%0.000:%0.00), avgs: 0
258: dt: 2.85, sse: 9365.4 (0.019, 24.2, 0.163), neg: 0 (%0.000:%0.00), avgs: 0
259: dt: 2.73, sse: 9364.5 (0.019, 24.2, 0.163), neg: 0 (%0.000:%0.00), avgs: 0
260: dt: 1.73, sse: 9363.5 (0.019, 24.2, 0.163), neg: 0 (%0.000:%0.00), avgs: 0
261: dt: 2.86, sse: 9362.5 (0.019, 24.2, 0.163), neg: 0 (%0.000:%0.00), avgs: 0
262: dt: 2.74, sse: 9361.5 (0.019, 24.2, 0.163), neg: 0 (%0.000:%0.00), avgs: 0
263: dt: 1.73, sse: 9360.6 (0.019, 24.2, 0.163), neg: 0 (%0.000:%0.00), avgs: 0
264: dt: 2.87, sse: 9359.6 (0.019, 24.2, 0.163), neg: 0 (%0.000:%0.00), avgs: 0
265: dt: 2.74, sse: 9358.7 (0.019, 24.2, 0.163), neg: 0 (%0.000:%0.00), avgs: 0
266: dt: 2.00, sse: 9357.7 (0.019, 24.2, 0.163), neg: 0 (%0.000:%0.00), avgs: 0
267: dt: 2.74, sse: 9356.8 (0.019, 24.2, 0.163), neg: 0 (%0.000:%0.00), avgs: 0
268: dt: 2.00, sse: 9355.9 (0.019, 24.2, 0.163), neg: 0 (%0.000:%0.00), avgs: 0
269: dt: 2.75, sse: 9355.0 (0.019, 24.2, 0.163), neg: 0 (%0.000:%0.00), avgs: 0
270: dt: 1.74, sse: 9354.0 (0.019, 24.2, 0.163), neg: 0 (%0.000:%0.00), avgs: 0
271: dt: 2.87, sse: 9353.1 (0.019, 24.2, 0.163), neg: 0 (%0.000:%0.00), avgs: 0
272: dt: 2.74, sse: 9352.2 (0.019, 24.2, 0.163), neg: 0 (%0.000:%0.00), avgs: 0
273: dt: 1.73, sse: 9351.3 (0.019, 24.2, 0.163), neg: 0 (%0.000:%0.00), avgs: 0
274: dt: 2.88, sse: 9350.2 (0.019, 24.2, 0.163), neg: 0 (%0.000:%0.00), avgs: 0
275: dt: 1.82, sse: 9349.4 (0.019, 24.2, 0.163), neg: 0 (%0.000:%0.00), avgs: 0
276: dt: 2.92, sse: 9348.4 (0.019, 24.2, 0.162), neg: 0 (%0.000:%0.00), avgs: 0
277: dt: 2.79, sse: 9347.6 (0.019, 24.2, 0.162), neg: 0 (%0.000:%0.00), avgs: 0
278: dt: 1.76, sse: 9346.6 (0.019, 24.2, 0.162), neg: 0 (%0.000:%0.00), avgs: 0
279: dt: 2.89, sse: 9345.7 (0.019, 24.2, 0.162), neg: 0 (%0.000:%0.00), avgs: 0
280: dt: 2.75, sse: 9344.8 (0.019, 24.2, 0.162), neg: 0 (%0.000:%0.00), avgs: 0
pass 0: epoch 3 of 3 starting distance error %111.77
tol=2.0e-01, sigma=0.0, host= pars, nav=1024, nbrs=3, l_nlarea=0.100, l_dist=1.000
using quadratic fit line minimization
nlarea/dist = 0.100
281: dt: 479.90, sse: 9276.0 (0.019, 24.2, 0.162), neg: 0 (%0.000:%0.00), avgs: 1024
282: dt: 58.03, sse: 9275.3 (0.019, 24.2, 0.162), neg: 0 (%0.000:%0.00), avgs: 1024
283: dt: 78.63, sse: 9261.2 (0.019, 24.2, 0.162), neg: 0 (%0.000:%0.00), avgs: 256
284: dt: 102.74, sse: 9252.8 (0.019, 24.2, 0.162), neg: 0 (%0.000:%0.00), avgs: 256
285: dt: 19.41, sse: 9239.4 (0.019, 24.2, 0.162), neg: 0 (%0.000:%0.00), avgs: 64
286: dt: 19.39, sse: 9233.3 (0.019, 24.2, 0.162), neg: 0 (%0.000:%0.00), avgs: 64
287: dt: 19.15, sse: 9228.4 (0.019, 24.2, 0.162), neg: 0 (%0.000:%0.00), avgs: 64
288: dt: 18.43, sse: 9223.7 (0.019, 24.2, 0.162), neg: 0 (%0.000:%0.00), avgs: 64
289: dt: 18.29, sse: 9219.6 (0.019, 24.2, 0.162), neg: 0 (%0.000:%0.00), avgs: 64
290: dt: 10.43, sse: 9212.7 (0.019, 24.2, 0.162), neg: 0 (%0.000:%0.00), avgs: 16
291: dt: 7.50, sse: 9210.5 (0.019, 24.2, 0.162), neg: 0 (%0.000:%0.00), avgs: 16
292: dt: 2.56, sse: 9207.4 (0.019, 24.2, 0.162), neg: 0 (%0.000:%0.00), avgs: 4
293: dt: 14.79, sse: 9203.3 (0.019, 24.2, 0.162), neg: 0 (%0.000:%0.00), avgs: 4
294: dt: 2.69, sse: 9201.4 (0.019, 24.2, 0.162), neg: 0 (%0.000:%0.00), avgs: 4
295: dt: 3.32, sse: 9200.1 (0.019, 24.2, 0.162), neg: 0 (%0.000:%0.00), avgs: 4
296: dt: 3.06, sse: 9198.9 (0.019, 24.2, 0.161), neg: 0 (%0.000:%0.00), avgs: 1
297: dt: 3.16, sse: 9198.2 (0.019, 24.2, 0.161), neg: 0 (%0.000:%0.00), avgs: 1
298: dt: 0.82, sse: 9197.5 (0.019, 24.2, 0.161), neg: 0 (%0.000:%0.00), avgs: 0
299: dt: 0.18, sse: 9197.5 (0.019, 24.2, 0.161), neg: 0 (%0.000:%0.00), avgs: 0
starting distance error %111.82
smoothing final surface...
300: dt: 0.50, sse: 18166728.0 (0.032, 24.2, 0.170), neg: 0 (%0.000:%0.00), avgs: 0
301: dt: 0.50, sse: 18160454.0 (0.044, 24.2, 0.183), neg: 0 (%0.000:%0.00), avgs: 0
302: dt: 0.50, sse: 18155598.0 (0.052, 24.2, 0.198), neg: 0 (%0.000:%0.00), avgs: 0
303: dt: 0.50, sse: 18151560.0 (0.058, 24.2, 0.212), neg: 0 (%0.000:%0.00), avgs: 0
304: dt: 0.50, sse: 18148058.0 (0.063, 24.2, 0.225), neg: 0 (%0.000:%0.00), avgs: 0
unfolding took 0.05 hours
304: dt: 0.00, sse: 18148058.0 (0.063, 24.2, 0.225), neg: 0 (%0.000:%0.00), avgs: 0
final distance error %112.99
