

############################
Tue 17 Jan 2023 06:32:55 PM CET
/home/deganog21/Desktop/TASH_projects/GitHub_toolboxes/TASH/TASH_Complete
tksurfer sanlm_swmsMR10033_CC110033-0003-00001-000192-01 lh inflated 
############################


############################
Tue 17 Jan 2023 06:32:57 PM CET
/home/deganog21/Desktop/TASH_projects/GitHub_toolboxes/TASH/TASH_Complete
tksurfer sanlm_swmsMR10033_CC110033-0003-00001-000192-01 rh inflated 
############################


############################
Tue 17 Jan 2023 06:32:59 PM CET
/home/deganog21/Desktop/TASH_projects/GitHub_toolboxes/TASH/TASH_Complete
tksurfer sanlm_swmsMR10033_CC110033-0003-00001-000192-01 lh inflated 
############################


############################
Tue 17 Jan 2023 06:33:01 PM CET
/home/deganog21/Desktop/TASH_projects/GitHub_toolboxes/TASH/TASH_Complete
tksurfer sanlm_swmsMR10033_CC110033-0003-00001-000192-01 rh inflated 
############################


############################
Tue 17 Jan 2023 06:33:03 PM CET
/home/deganog21/Desktop/TASH_projects/GitHub_toolboxes/TASH/TASH_Complete
tksurfer sanlm_swmsMR10033_CC110033-0003-00001-000192-01 lh inflated 
############################


############################
Tue 17 Jan 2023 06:33:05 PM CET
/home/deganog21/Desktop/TASH_projects/GitHub_toolboxes/TASH/TASH_Complete
tksurfer sanlm_swmsMR10033_CC110033-0003-00001-000192-01 rh inflated 
############################


############################
Tue 17 Jan 2023 06:33:07 PM CET
/home/deganog21/Desktop/TASH_projects/GitHub_toolboxes/TASH/TASH_Complete
tksurfer sanlm_swmsMR10033_CC110033-0003-00001-000192-01 rh inflated 
############################


############################
Tue 17 Jan 2023 06:33:59 PM CET
/home/deganog21/Desktop/TASH_projects/GitHub_toolboxes/TASH/TASH_Complete
tksurfer sanlm_swmsMR10033_CC110037-0002-00001-000192-01 lh inflated 
############################


############################
Tue 17 Jan 2023 06:34:01 PM CET
/home/deganog21/Desktop/TASH_projects/GitHub_toolboxes/TASH/TASH_Complete
tksurfer sanlm_swmsMR10033_CC110037-0002-00001-000192-01 rh inflated 
############################


############################
Tue 17 Jan 2023 06:34:03 PM CET
/home/deganog21/Desktop/TASH_projects/GitHub_toolboxes/TASH/TASH_Complete
tksurfer sanlm_swmsMR10033_CC110037-0002-00001-000192-01 lh inflated 
############################


############################
Tue 17 Jan 2023 06:34:06 PM CET
/home/deganog21/Desktop/TASH_projects/GitHub_toolboxes/TASH/TASH_Complete
tksurfer sanlm_swmsMR10033_CC110037-0002-00001-000192-01 rh inflated 
############################


############################
Tue 17 Jan 2023 06:34:08 PM CET
/home/deganog21/Desktop/TASH_projects/GitHub_toolboxes/TASH/TASH_Complete
tksurfer sanlm_swmsMR10033_CC110037-0002-00001-000192-01 lh inflated 
############################


############################
Tue 17 Jan 2023 06:34:10 PM CET
/home/deganog21/Desktop/TASH_projects/GitHub_toolboxes/TASH/TASH_Complete
tksurfer sanlm_swmsMR10033_CC110037-0002-00001-000192-01 rh inflated 
############################


############################
Tue 17 Jan 2023 06:34:12 PM CET
/home/deganog21/Desktop/TASH_projects/GitHub_toolboxes/TASH/TASH_Complete
tksurfer sanlm_swmsMR10033_CC110037-0002-00001-000192-01 lh inflated 
############################


############################
Tue 17 Jan 2023 06:34:14 PM CET
/home/deganog21/Desktop/TASH_projects/GitHub_toolboxes/TASH/TASH_Complete
tksurfer sanlm_swmsMR10033_CC110037-0002-00001-000192-01 rh inflated 
############################


############################
Tue 17 Jan 2023 06:34:16 PM CET
/home/deganog21/Desktop/TASH_projects/GitHub_toolboxes/TASH/TASH_Complete
tksurfer sanlm_swmsMR10033_CC110037-0002-00001-000192-01 lh inflated 
############################


############################
Tue 17 Jan 2023 06:35:03 PM CET
/home/deganog21/Desktop/TASH_projects/GitHub_toolboxes/TASH/TASH_Complete
tksurfer sanlm_swmsMR10033_CC110045-0003-00001-000192-01 lh inflated 
############################


############################
Tue 17 Jan 2023 06:35:05 PM CET
/home/deganog21/Desktop/TASH_projects/GitHub_toolboxes/TASH/TASH_Complete
tksurfer sanlm_swmsMR10033_CC110045-0003-00001-000192-01 rh inflated 
############################


############################
Tue 17 Jan 2023 06:35:07 PM CET
/home/deganog21/Desktop/TASH_projects/GitHub_toolboxes/TASH/TASH_Complete
tksurfer sanlm_swmsMR10033_CC110045-0003-00001-000192-01 lh inflated 
############################


############################
Tue 17 Jan 2023 06:35:09 PM CET
/home/deganog21/Desktop/TASH_projects/GitHub_toolboxes/TASH/TASH_Complete
tksurfer sanlm_swmsMR10033_CC110045-0003-00001-000192-01 rh inflated 
############################


############################
Tue 17 Jan 2023 06:35:11 PM CET
/home/deganog21/Desktop/TASH_projects/GitHub_toolboxes/TASH/TASH_Complete
tksurfer sanlm_swmsMR10033_CC110045-0003-00001-000192-01 lh inflated 
############################


############################
Tue 17 Jan 2023 06:35:13 PM CET
/home/deganog21/Desktop/TASH_projects/GitHub_toolboxes/TASH/TASH_Complete
tksurfer sanlm_swmsMR10033_CC110045-0003-00001-000192-01 rh inflated 
############################


############################
Wed 18 Jan 2023 09:38:38 AM CET
/home/deganog21/Desktop/TASH_projects/GitHub_toolboxes/TASH/TASH_Complete
tksurfer sanlm_swmsMR10033_CC110033-0003-00001-000192-01 lh inflated 
############################


############################
Wed 18 Jan 2023 09:38:40 AM CET
/home/deganog21/Desktop/TASH_projects/GitHub_toolboxes/TASH/TASH_Complete
tksurfer sanlm_swmsMR10033_CC110033-0003-00001-000192-01 rh inflated 
############################


############################
Wed 18 Jan 2023 09:38:42 AM CET
/home/deganog21/Desktop/TASH_projects/GitHub_toolboxes/TASH/TASH_Complete
tksurfer sanlm_swmsMR10033_CC110033-0003-00001-000192-01 lh inflated 
############################


############################
Wed 18 Jan 2023 09:38:44 AM CET
/home/deganog21/Desktop/TASH_projects/GitHub_toolboxes/TASH/TASH_Complete
tksurfer sanlm_swmsMR10033_CC110033-0003-00001-000192-01 rh inflated 
############################


############################
Wed 18 Jan 2023 09:38:47 AM CET
/home/deganog21/Desktop/TASH_projects/GitHub_toolboxes/TASH/TASH_Complete
tksurfer sanlm_swmsMR10033_CC110033-0003-00001-000192-01 lh inflated 
############################


############################
Wed 18 Jan 2023 09:38:49 AM CET
/home/deganog21/Desktop/TASH_projects/GitHub_toolboxes/TASH/TASH_Complete
tksurfer sanlm_swmsMR10033_CC110033-0003-00001-000192-01 rh inflated 
############################


############################
Wed 18 Jan 2023 09:38:51 AM CET
/home/deganog21/Desktop/TASH_projects/GitHub_toolboxes/TASH/TASH_Complete
tksurfer sanlm_swmsMR10033_CC110033-0003-00001-000192-01 rh inflated 
############################


############################
Wed 18 Jan 2023 09:39:52 AM CET
/home/deganog21/Desktop/TASH_projects/GitHub_toolboxes/TASH/TASH_Complete
tksurfer sanlm_swmsMR10033_CC110037-0002-00001-000192-01 lh inflated 
############################


############################
Wed 18 Jan 2023 09:39:54 AM CET
/home/deganog21/Desktop/TASH_projects/GitHub_toolboxes/TASH/TASH_Complete
tksurfer sanlm_swmsMR10033_CC110037-0002-00001-000192-01 rh inflated 
############################


############################
Wed 18 Jan 2023 09:39:56 AM CET
/home/deganog21/Desktop/TASH_projects/GitHub_toolboxes/TASH/TASH_Complete
tksurfer sanlm_swmsMR10033_CC110037-0002-00001-000192-01 lh inflated 
############################


############################
Wed 18 Jan 2023 09:39:58 AM CET
/home/deganog21/Desktop/TASH_projects/GitHub_toolboxes/TASH/TASH_Complete
tksurfer sanlm_swmsMR10033_CC110037-0002-00001-000192-01 rh inflated 
############################


############################
Wed 18 Jan 2023 09:40:01 AM CET
/home/deganog21/Desktop/TASH_projects/GitHub_toolboxes/TASH/TASH_Complete
tksurfer sanlm_swmsMR10033_CC110037-0002-00001-000192-01 lh inflated 
############################


############################
Wed 18 Jan 2023 09:40:03 AM CET
/home/deganog21/Desktop/TASH_projects/GitHub_toolboxes/TASH/TASH_Complete
tksurfer sanlm_swmsMR10033_CC110037-0002-00001-000192-01 rh inflated 
############################


############################
Wed 18 Jan 2023 09:40:05 AM CET
/home/deganog21/Desktop/TASH_projects/GitHub_toolboxes/TASH/TASH_Complete
tksurfer sanlm_swmsMR10033_CC110037-0002-00001-000192-01 lh inflated 
############################


############################
Wed 18 Jan 2023 09:40:07 AM CET
/home/deganog21/Desktop/TASH_projects/GitHub_toolboxes/TASH/TASH_Complete
tksurfer sanlm_swmsMR10033_CC110037-0002-00001-000192-01 rh inflated 
############################


############################
Wed 18 Jan 2023 09:40:09 AM CET
/home/deganog21/Desktop/TASH_projects/GitHub_toolboxes/TASH/TASH_Complete
tksurfer sanlm_swmsMR10033_CC110037-0002-00001-000192-01 lh inflated 
############################


############################
Wed 18 Jan 2023 09:41:04 AM CET
/home/deganog21/Desktop/TASH_projects/GitHub_toolboxes/TASH/TASH_Complete
tksurfer sanlm_swmsMR10033_CC110045-0003-00001-000192-01 lh inflated 
############################


############################
Wed 18 Jan 2023 09:41:06 AM CET
/home/deganog21/Desktop/TASH_projects/GitHub_toolboxes/TASH/TASH_Complete
tksurfer sanlm_swmsMR10033_CC110045-0003-00001-000192-01 rh inflated 
############################


############################
Wed 18 Jan 2023 09:41:08 AM CET
/home/deganog21/Desktop/TASH_projects/GitHub_toolboxes/TASH/TASH_Complete
tksurfer sanlm_swmsMR10033_CC110045-0003-00001-000192-01 lh inflated 
############################


############################
Wed 18 Jan 2023 09:41:10 AM CET
/home/deganog21/Desktop/TASH_projects/GitHub_toolboxes/TASH/TASH_Complete
tksurfer sanlm_swmsMR10033_CC110045-0003-00001-000192-01 rh inflated 
############################


############################
Wed 18 Jan 2023 09:41:12 AM CET
/home/deganog21/Desktop/TASH_projects/GitHub_toolboxes/TASH/TASH_Complete
tksurfer sanlm_swmsMR10033_CC110045-0003-00001-000192-01 lh inflated 
############################


############################
Wed 18 Jan 2023 09:41:14 AM CET
/home/deganog21/Desktop/TASH_projects/GitHub_toolboxes/TASH/TASH_Complete
tksurfer sanlm_swmsMR10033_CC110045-0003-00001-000192-01 rh inflated 
############################


############################
Wed 18 Jan 2023 09:47:10 AM CET
/home/deganog21/Desktop/TASH_projects/GitHub_toolboxes/TASH/TASH_Complete
tksurfer sanlm_swmsMR10033_CC110033-0003-00001-000192-01 lh inflated 
############################


############################
Wed 18 Jan 2023 09:47:12 AM CET
/home/deganog21/Desktop/TASH_projects/GitHub_toolboxes/TASH/TASH_Complete
tksurfer sanlm_swmsMR10033_CC110033-0003-00001-000192-01 rh inflated 
############################


############################
Wed 18 Jan 2023 09:47:14 AM CET
/home/deganog21/Desktop/TASH_projects/GitHub_toolboxes/TASH/TASH_Complete
tksurfer sanlm_swmsMR10033_CC110033-0003-00001-000192-01 lh inflated 
############################


############################
Wed 18 Jan 2023 09:47:16 AM CET
/home/deganog21/Desktop/TASH_projects/GitHub_toolboxes/TASH/TASH_Complete
tksurfer sanlm_swmsMR10033_CC110033-0003-00001-000192-01 rh inflated 
############################


############################
Wed 18 Jan 2023 09:47:18 AM CET
/home/deganog21/Desktop/TASH_projects/GitHub_toolboxes/TASH/TASH_Complete
tksurfer sanlm_swmsMR10033_CC110033-0003-00001-000192-01 lh inflated 
############################


############################
Wed 18 Jan 2023 09:47:20 AM CET
/home/deganog21/Desktop/TASH_projects/GitHub_toolboxes/TASH/TASH_Complete
tksurfer sanlm_swmsMR10033_CC110033-0003-00001-000192-01 rh inflated 
############################


############################
Wed 18 Jan 2023 09:47:23 AM CET
/home/deganog21/Desktop/TASH_projects/GitHub_toolboxes/TASH/TASH_Complete
tksurfer sanlm_swmsMR10033_CC110033-0003-00001-000192-01 rh inflated 
############################


############################
Wed 18 Jan 2023 09:48:24 AM CET
/home/deganog21/Desktop/TASH_projects/GitHub_toolboxes/TASH/TASH_Complete
tksurfer sanlm_swmsMR10033_CC110037-0002-00001-000192-01 lh inflated 
############################


############################
Wed 18 Jan 2023 09:48:26 AM CET
/home/deganog21/Desktop/TASH_projects/GitHub_toolboxes/TASH/TASH_Complete
tksurfer sanlm_swmsMR10033_CC110037-0002-00001-000192-01 rh inflated 
############################


############################
Wed 18 Jan 2023 09:48:28 AM CET
/home/deganog21/Desktop/TASH_projects/GitHub_toolboxes/TASH/TASH_Complete
tksurfer sanlm_swmsMR10033_CC110037-0002-00001-000192-01 lh inflated 
############################


############################
Wed 18 Jan 2023 09:48:30 AM CET
/home/deganog21/Desktop/TASH_projects/GitHub_toolboxes/TASH/TASH_Complete
tksurfer sanlm_swmsMR10033_CC110037-0002-00001-000192-01 rh inflated 
############################


############################
Wed 18 Jan 2023 09:48:32 AM CET
/home/deganog21/Desktop/TASH_projects/GitHub_toolboxes/TASH/TASH_Complete
tksurfer sanlm_swmsMR10033_CC110037-0002-00001-000192-01 lh inflated 
############################


############################
Wed 18 Jan 2023 09:48:35 AM CET
/home/deganog21/Desktop/TASH_projects/GitHub_toolboxes/TASH/TASH_Complete
tksurfer sanlm_swmsMR10033_CC110037-0002-00001-000192-01 rh inflated 
############################


############################
Wed 18 Jan 2023 09:48:37 AM CET
/home/deganog21/Desktop/TASH_projects/GitHub_toolboxes/TASH/TASH_Complete
tksurfer sanlm_swmsMR10033_CC110037-0002-00001-000192-01 lh inflated 
############################


############################
Wed 18 Jan 2023 09:48:39 AM CET
/home/deganog21/Desktop/TASH_projects/GitHub_toolboxes/TASH/TASH_Complete
tksurfer sanlm_swmsMR10033_CC110037-0002-00001-000192-01 rh inflated 
############################


############################
Wed 18 Jan 2023 09:48:42 AM CET
/home/deganog21/Desktop/TASH_projects/GitHub_toolboxes/TASH/TASH_Complete
tksurfer sanlm_swmsMR10033_CC110037-0002-00001-000192-01 lh inflated 
############################


############################
Wed 18 Jan 2023 09:49:35 AM CET
/home/deganog21/Desktop/TASH_projects/GitHub_toolboxes/TASH/TASH_Complete
tksurfer sanlm_swmsMR10033_CC110045-0003-00001-000192-01 lh inflated 
############################


############################
Wed 18 Jan 2023 09:49:38 AM CET
/home/deganog21/Desktop/TASH_projects/GitHub_toolboxes/TASH/TASH_Complete
tksurfer sanlm_swmsMR10033_CC110045-0003-00001-000192-01 rh inflated 
############################


############################
Wed 18 Jan 2023 09:49:40 AM CET
/home/deganog21/Desktop/TASH_projects/GitHub_toolboxes/TASH/TASH_Complete
tksurfer sanlm_swmsMR10033_CC110045-0003-00001-000192-01 lh inflated 
############################


############################
Wed 18 Jan 2023 09:49:42 AM CET
/home/deganog21/Desktop/TASH_projects/GitHub_toolboxes/TASH/TASH_Complete
tksurfer sanlm_swmsMR10033_CC110045-0003-00001-000192-01 rh inflated 
############################


############################
Wed 18 Jan 2023 09:49:44 AM CET
/home/deganog21/Desktop/TASH_projects/GitHub_toolboxes/TASH/TASH_Complete
tksurfer sanlm_swmsMR10033_CC110045-0003-00001-000192-01 lh inflated 
############################


############################
Wed 18 Jan 2023 09:49:46 AM CET
/home/deganog21/Desktop/TASH_projects/GitHub_toolboxes/TASH/TASH_Complete
tksurfer sanlm_swmsMR10033_CC110045-0003-00001-000192-01 rh inflated 
############################


############################
Wed 18 Jan 2023 12:49:00 PM CET
/home/deganog21/Desktop/TASH_projects/GitHub_toolboxes/TASH/TASH_Complete
tksurfer sanlm_swmsMR10033_CC110033-0003-00001-000192-01 lh inflated 
############################


############################
Wed 18 Jan 2023 12:49:02 PM CET
/home/deganog21/Desktop/TASH_projects/GitHub_toolboxes/TASH/TASH_Complete
tksurfer sanlm_swmsMR10033_CC110033-0003-00001-000192-01 rh inflated 
############################


############################
Wed 18 Jan 2023 12:49:05 PM CET
/home/deganog21/Desktop/TASH_projects/GitHub_toolboxes/TASH/TASH_Complete
tksurfer sanlm_swmsMR10033_CC110033-0003-00001-000192-01 lh inflated 
############################


############################
Wed 18 Jan 2023 12:49:07 PM CET
/home/deganog21/Desktop/TASH_projects/GitHub_toolboxes/TASH/TASH_Complete
tksurfer sanlm_swmsMR10033_CC110033-0003-00001-000192-01 rh inflated 
############################


############################
Wed 18 Jan 2023 12:49:09 PM CET
/home/deganog21/Desktop/TASH_projects/GitHub_toolboxes/TASH/TASH_Complete
tksurfer sanlm_swmsMR10033_CC110033-0003-00001-000192-01 lh inflated 
############################


############################
Wed 18 Jan 2023 12:49:11 PM CET
/home/deganog21/Desktop/TASH_projects/GitHub_toolboxes/TASH/TASH_Complete
tksurfer sanlm_swmsMR10033_CC110033-0003-00001-000192-01 rh inflated 
############################


############################
Wed 18 Jan 2023 12:49:13 PM CET
/home/deganog21/Desktop/TASH_projects/GitHub_toolboxes/TASH/TASH_Complete
tksurfer sanlm_swmsMR10033_CC110033-0003-00001-000192-01 rh inflated 
############################


############################
Wed 18 Jan 2023 12:49:59 PM CET
/home/deganog21/Desktop/TASH_projects/GitHub_toolboxes/TASH/TASH_Complete
tksurfer sanlm_swmsMR10033_CC110045-0003-00001-000192-01 lh inflated 
############################


############################
Wed 18 Jan 2023 12:50:01 PM CET
/home/deganog21/Desktop/TASH_projects/GitHub_toolboxes/TASH/TASH_Complete
tksurfer sanlm_swmsMR10033_CC110045-0003-00001-000192-01 rh inflated 
############################


############################
Wed 18 Jan 2023 12:50:03 PM CET
/home/deganog21/Desktop/TASH_projects/GitHub_toolboxes/TASH/TASH_Complete
tksurfer sanlm_swmsMR10033_CC110045-0003-00001-000192-01 lh inflated 
############################


############################
Wed 18 Jan 2023 12:50:05 PM CET
/home/deganog21/Desktop/TASH_projects/GitHub_toolboxes/TASH/TASH_Complete
tksurfer sanlm_swmsMR10033_CC110045-0003-00001-000192-01 rh inflated 
############################


############################
Wed 18 Jan 2023 12:50:07 PM CET
/home/deganog21/Desktop/TASH_projects/GitHub_toolboxes/TASH/TASH_Complete
tksurfer sanlm_swmsMR10033_CC110045-0003-00001-000192-01 lh inflated 
############################


############################
Wed 18 Jan 2023 12:50:09 PM CET
/home/deganog21/Desktop/TASH_projects/GitHub_toolboxes/TASH/TASH_Complete
tksurfer sanlm_swmsMR10033_CC110045-0003-00001-000192-01 rh inflated 
############################
